<?xml version="1.0" encoding="UTF-8"?>
<!-- Generated by org.testng.reporters.JUnitReportReporter -->
<testsuite hostname="DESKTOP-Q8RNTEC" failures="0" tests="1" name="com.runnerUtility.RunnerCucumber" time="0.336" errors="0" timestamp="24 Sep 2020 05:19:13 GMT" skipped="1">
  <testcase classname="com.runnerUtility.RunnerCucumber" name="runScenario" time="0.336">
    <skipped/>
  </testcase> <!-- runScenario -->
</testsuite> <!-- com.runnerUtility.RunnerCucumber -->
